2024-11-24 13:55:16,808 httpx        404719 INFO     HTTP Request: GET http://127.0.0.1:7861/tools "HTTP/1.1 200 OK"
2024-11-24 13:56:14,691 httpx        404719 INFO     HTTP Request: GET http://127.0.0.1:7861/knowledge_base/list_knowledge_bases "HTTP/1.1 200 OK"
2024-11-24 13:56:15,849 httpx        404719 INFO     HTTP Request: GET http://127.0.0.1:7861/knowledge_base/list_knowledge_bases "HTTP/1.1 200 OK"
2024-11-24 13:56:17,623 httpx        404719 INFO     HTTP Request: GET http://127.0.0.1:7861/knowledge_base/list_knowledge_bases "HTTP/1.1 200 OK"
2024-11-24 13:56:19,728 httpx        404719 INFO     HTTP Request: GET http://127.0.0.1:7861/tools "HTTP/1.1 200 OK"
2024-11-24 13:56:20,108 httpx        404719 INFO     HTTP Request: GET http://127.0.0.1:7861/tools "HTTP/1.1 200 OK"
2024-11-24 13:56:23,946 httpx        404719 INFO     HTTP Request: GET http://127.0.0.1:7861/knowledge_base/list_knowledge_bases "HTTP/1.1 200 OK"
2024-11-24 13:56:24,295 httpx        404719 INFO     HTTP Request: GET http://127.0.0.1:7861/knowledge_base/list_knowledge_bases "HTTP/1.1 200 OK"
2024-11-24 13:56:24,952 httpx        404719 INFO     HTTP Request: GET http://127.0.0.1:7861/tools "HTTP/1.1 200 OK"
2024-11-24 13:56:25,327 httpx        404719 INFO     HTTP Request: GET http://127.0.0.1:7861/tools "HTTP/1.1 200 OK"
2024-11-24 13:56:30,972 httpx        404719 INFO     HTTP Request: GET http://127.0.0.1:7861/tools "HTTP/1.1 200 OK"
2024-11-24 13:57:04,832 httpx        404719 INFO     HTTP Request: GET http://127.0.0.1:7861/tools "HTTP/1.1 200 OK"
2024-11-24 13:57:04,939 httpx        404719 INFO     HTTP Request: POST http://127.0.0.1:7861/chat/chat/completions "HTTP/1.1 200 OK"
2024-11-24 13:57:08,625 httpx        404719 INFO     HTTP Request: GET http://127.0.0.1:7861/tools "HTTP/1.1 200 OK"
2024-11-24 13:57:08,910 httpx        404719 INFO     HTTP Request: GET http://127.0.0.1:7861/tools "HTTP/1.1 200 OK"
2024-11-24 13:57:13,443 httpx        404719 INFO     HTTP Request: GET http://127.0.0.1:7861/tools "HTTP/1.1 200 OK"
2024-11-24 13:57:18,702 httpx        404719 INFO     HTTP Request: GET http://127.0.0.1:7861/tools "HTTP/1.1 200 OK"
2024-11-24 13:57:18,873 httpx        404719 INFO     HTTP Request: GET http://127.0.0.1:7861/tools "HTTP/1.1 200 OK"
2024-11-24 13:57:21,021 httpx        404719 INFO     HTTP Request: GET http://127.0.0.1:7861/tools "HTTP/1.1 200 OK"
2024-11-24 13:57:21,097 httpx        404719 INFO     HTTP Request: POST http://127.0.0.1:7861/chat/chat/completions "HTTP/1.1 200 OK"
2024-11-24 13:57:43,423 httpx        404719 INFO     HTTP Request: GET http://127.0.0.1:7861/tools "HTTP/1.1 200 OK"
2024-11-24 13:57:47,637 httpx        404719 INFO     HTTP Request: GET http://127.0.0.1:7861/tools "HTTP/1.1 200 OK"
2024-11-24 13:57:48,036 httpx        404719 INFO     HTTP Request: POST http://127.0.0.1:7861/chat/chat/completions "HTTP/1.1 200 OK"
2024-11-24 13:57:55,535 httpx        404719 INFO     HTTP Request: GET http://127.0.0.1:7861/tools "HTTP/1.1 200 OK"
2024-11-24 13:57:55,719 httpx        404719 INFO     HTTP Request: POST http://127.0.0.1:7861/chat/chat/completions "HTTP/1.1 200 OK"
2024-11-24 13:58:02,669 httpx        404719 INFO     HTTP Request: GET http://127.0.0.1:7861/tools "HTTP/1.1 200 OK"
2024-11-24 13:58:02,954 httpx        404719 INFO     HTTP Request: GET http://127.0.0.1:7861/tools "HTTP/1.1 200 OK"
2024-11-24 13:58:07,215 httpx        404719 INFO     HTTP Request: GET http://127.0.0.1:7861/tools "HTTP/1.1 200 OK"
2024-11-24 13:58:07,335 httpx        404719 INFO     HTTP Request: POST http://127.0.0.1:7861/chat/chat/completions "HTTP/1.1 200 OK"
2024-11-24 13:58:18,752 httpx        404719 INFO     HTTP Request: POST http://127.0.0.1:7861/knowledge_base/recreate_vector_store "HTTP/1.1 200 OK"
2024-11-24 13:58:21,591 httpx        404719 INFO     HTTP Request: POST http://127.0.0.1:7861/knowledge_base/search_docs "HTTP/1.1 200 OK"
2024-11-24 13:58:22,447 httpx        404719 INFO     HTTP Request: POST http://127.0.0.1:7861/knowledge_base/search_docs "HTTP/1.1 200 OK"
2024-11-24 13:58:24,246 httpx        404719 INFO     HTTP Request: POST http://127.0.0.1:7861/knowledge_base/search_docs "HTTP/1.1 200 OK"
2024-11-24 13:58:25,863 httpx        404719 INFO     HTTP Request: POST http://127.0.0.1:7861/knowledge_base/search_docs "HTTP/1.1 200 OK"
2024-11-24 13:58:27,594 httpx        404719 INFO     HTTP Request: POST http://127.0.0.1:7861/knowledge_base/search_docs "HTTP/1.1 200 OK"
2024-11-24 13:58:29,128 httpx        404719 INFO     HTTP Request: POST http://127.0.0.1:7861/knowledge_base/search_docs "HTTP/1.1 200 OK"
2024-11-24 13:58:29,453 httpx        404719 INFO     HTTP Request: POST http://127.0.0.1:7861/knowledge_base/search_docs "HTTP/1.1 200 OK"
2024-11-24 13:58:29,807 httpx        404719 INFO     HTTP Request: POST http://127.0.0.1:7861/knowledge_base/search_docs "HTTP/1.1 200 OK"
2024-11-24 13:58:30,143 httpx        404719 INFO     HTTP Request: POST http://127.0.0.1:7861/knowledge_base/search_docs "HTTP/1.1 200 OK"
2024-11-24 13:58:30,519 httpx        404719 INFO     HTTP Request: POST http://127.0.0.1:7861/knowledge_base/search_docs "HTTP/1.1 200 OK"
2024-11-24 13:58:30,759 httpx        404719 INFO     HTTP Request: POST http://127.0.0.1:7861/knowledge_base/search_docs "HTTP/1.1 200 OK"
2024-11-24 13:58:31,649 httpx        404719 INFO     HTTP Request: POST http://127.0.0.1:7861/knowledge_base/search_docs "HTTP/1.1 200 OK"
2024-11-24 13:58:32,051 httpx        404719 INFO     HTTP Request: POST http://127.0.0.1:7861/knowledge_base/search_docs "HTTP/1.1 200 OK"
2024-11-24 13:58:32,264 httpx        404719 INFO     HTTP Request: POST http://127.0.0.1:7861/knowledge_base/search_docs "HTTP/1.1 200 OK"
2024-11-24 13:58:38,188 httpx        404719 INFO     HTTP Request: POST http://127.0.0.1:7861/knowledge_base/update_docs "HTTP/1.1 500 Internal Server Error"
2024-11-24 13:58:38,384 httpx        404719 INFO     HTTP Request: POST http://127.0.0.1:7861/knowledge_base/search_docs "HTTP/1.1 200 OK"
2024-11-24 13:58:41,939 httpx        404719 INFO     HTTP Request: POST http://127.0.0.1:7861/knowledge_base/search_docs "HTTP/1.1 200 OK"
2024-11-24 13:58:42,888 httpx        404719 INFO     HTTP Request: POST http://127.0.0.1:7861/knowledge_base/search_docs "HTTP/1.1 200 OK"
2024-11-24 13:59:15,000 httpx        404719 INFO     HTTP Request: POST http://127.0.0.1:7861/knowledge_base/update_info "HTTP/1.1 200 OK"
2024-11-24 13:59:15,051 httpx        404719 INFO     HTTP Request: POST http://127.0.0.1:7861/knowledge_base/search_docs "HTTP/1.1 200 OK"
2024-11-24 13:59:42,132 httpx        404719 INFO     HTTP Request: GET http://127.0.0.1:7861/tools "HTTP/1.1 200 OK"
2024-11-24 13:59:42,463 httpx        404719 INFO     HTTP Request: GET http://127.0.0.1:7861/tools "HTTP/1.1 200 OK"
2024-11-24 14:00:02,730 httpx        404719 INFO     HTTP Request: POST http://127.0.0.1:7861/knowledge_base/delete_knowledge_base "HTTP/1.1 200 OK"
2024-11-24 14:00:26,300 httpx        404719 INFO     HTTP Request: POST http://127.0.0.1:7861/knowledge_base/create_knowledge_base "HTTP/1.1 200 OK"
2024-11-24 14:01:32,357 httpx        404719 INFO     HTTP Request: POST http://127.0.0.1:7861/knowledge_base/update_info "HTTP/1.1 200 OK"
2024-11-24 14:03:11,508 httpx        404719 INFO     HTTP Request: POST http://127.0.0.1:7861/knowledge_base/upload_docs "HTTP/1.1 200 OK"
2024-11-24 14:03:20,125 httpx        404719 INFO     HTTP Request: GET http://127.0.0.1:7861/tools "HTTP/1.1 200 OK"
2024-11-24 14:03:20,623 httpx        404719 INFO     HTTP Request: GET http://127.0.0.1:7861/tools "HTTP/1.1 200 OK"
2024-11-24 14:03:26,318 httpx        404719 INFO     HTTP Request: GET http://127.0.0.1:7861/tools "HTTP/1.1 200 OK"
2024-11-24 14:03:33,671 httpx        404719 INFO     HTTP Request: GET http://127.0.0.1:7861/tools "HTTP/1.1 200 OK"
2024-11-24 14:03:33,938 httpx        404719 INFO     HTTP Request: GET http://127.0.0.1:7861/tools "HTTP/1.1 200 OK"
2024-11-24 14:03:35,842 httpx        404719 INFO     HTTP Request: GET http://127.0.0.1:7861/tools "HTTP/1.1 200 OK"
2024-11-24 14:03:48,939 httpx        404719 INFO     HTTP Request: POST http://127.0.0.1:7861/chat/chat/completions "HTTP/1.1 200 OK"
2024-11-24 14:04:24,412 httpx        404719 INFO     HTTP Request: GET http://127.0.0.1:7861/tools "HTTP/1.1 200 OK"
2024-11-24 14:04:37,492 httpx        404719 INFO     HTTP Request: POST http://127.0.0.1:7861/chat/chat/completions "HTTP/1.1 200 OK"
2024-11-24 14:05:14,381 httpx        404719 INFO     HTTP Request: GET http://127.0.0.1:7861/tools "HTTP/1.1 200 OK"
2024-11-24 14:05:26,866 httpx        404719 INFO     HTTP Request: POST http://127.0.0.1:7861/chat/chat/completions "HTTP/1.1 200 OK"
2024-11-24 14:05:47,576 httpx        404719 INFO     HTTP Request: GET http://127.0.0.1:7861/tools "HTTP/1.1 200 OK"
2024-11-24 14:06:00,102 httpx        404719 INFO     HTTP Request: POST http://127.0.0.1:7861/chat/chat/completions "HTTP/1.1 200 OK"
2024-11-24 14:06:17,355 httpx        404719 INFO     HTTP Request: GET http://127.0.0.1:7861/tools "HTTP/1.1 200 OK"
2024-11-24 14:06:18,592 httpx        404719 INFO     HTTP Request: GET http://127.0.0.1:7861/tools "HTTP/1.1 200 OK"
2024-11-24 14:12:31,237 httpx        404719 INFO     HTTP Request: POST http://127.0.0.1:7861/knowledge_base/delete_knowledge_base "HTTP/1.1 200 OK"
2024-11-24 14:12:56,131 httpx        404719 INFO     HTTP Request: POST http://127.0.0.1:7861/knowledge_base/create_knowledge_base "HTTP/1.1 200 OK"
2024-11-24 14:13:44,856 httpx        404719 INFO     HTTP Request: POST http://127.0.0.1:7861/knowledge_base/update_info "HTTP/1.1 200 OK"
2024-11-24 14:14:55,933 httpx        404719 INFO     HTTP Request: POST http://127.0.0.1:7861/knowledge_base/upload_docs "HTTP/1.1 200 OK"
2024-11-24 14:15:03,910 httpx        404719 INFO     HTTP Request: GET http://127.0.0.1:7861/tools "HTTP/1.1 200 OK"
2024-11-24 14:15:04,511 httpx        404719 INFO     HTTP Request: GET http://127.0.0.1:7861/tools "HTTP/1.1 200 OK"
2024-11-24 14:15:09,516 httpx        404719 INFO     HTTP Request: GET http://127.0.0.1:7861/tools "HTTP/1.1 200 OK"
2024-11-24 14:15:13,762 httpx        404719 INFO     HTTP Request: GET http://127.0.0.1:7861/tools "HTTP/1.1 200 OK"
2024-11-24 14:15:14,206 httpx        404719 INFO     HTTP Request: GET http://127.0.0.1:7861/tools "HTTP/1.1 200 OK"
2024-11-24 14:15:28,198 httpx        404719 INFO     HTTP Request: GET http://127.0.0.1:7861/tools "HTTP/1.1 200 OK"
2024-11-24 14:15:31,077 httpx        404719 INFO     HTTP Request: GET http://127.0.0.1:7861/tools "HTTP/1.1 200 OK"
2024-11-24 14:15:43,449 httpx        404719 INFO     HTTP Request: POST http://127.0.0.1:7861/chat/chat/completions "HTTP/1.1 200 OK"
2024-11-24 14:16:24,326 httpx        404719 INFO     HTTP Request: GET http://127.0.0.1:7861/tools "HTTP/1.1 200 OK"
2024-11-24 14:16:36,835 httpx        404719 INFO     HTTP Request: POST http://127.0.0.1:7861/chat/chat/completions "HTTP/1.1 200 OK"
2024-11-24 14:17:13,960 httpx        404719 INFO     HTTP Request: GET http://127.0.0.1:7861/tools "HTTP/1.1 200 OK"
2024-11-24 14:17:26,601 httpx        404719 INFO     HTTP Request: POST http://127.0.0.1:7861/chat/chat/completions "HTTP/1.1 200 OK"
2024-11-24 14:17:34,660 httpx        404719 INFO     HTTP Request: GET http://127.0.0.1:7861/tools "HTTP/1.1 200 OK"
2024-11-24 14:17:37,463 httpx        404719 INFO     HTTP Request: GET http://127.0.0.1:7861/tools "HTTP/1.1 200 OK"
2024-11-24 14:17:39,128 httpx        404719 INFO     HTTP Request: GET http://127.0.0.1:7861/tools "HTTP/1.1 200 OK"
2024-11-24 14:17:47,523 httpx        404719 INFO     HTTP Request: GET http://127.0.0.1:7861/tools "HTTP/1.1 200 OK"
2024-11-24 14:17:47,782 httpx        404719 INFO     HTTP Request: POST http://127.0.0.1:7861/chat/chat/completions "HTTP/1.1 200 OK"
2024-11-24 14:19:06,518 httpx        404719 INFO     HTTP Request: GET http://127.0.0.1:7861/tools "HTTP/1.1 200 OK"
2024-11-24 14:19:06,893 httpx        404719 INFO     HTTP Request: GET http://127.0.0.1:7861/tools "HTTP/1.1 200 OK"
2024-11-24 14:19:15,253 httpx        404719 INFO     HTTP Request: GET http://127.0.0.1:7861/tools "HTTP/1.1 200 OK"
2024-11-24 14:19:18,971 httpx        404719 INFO     HTTP Request: GET http://127.0.0.1:7861/knowledge_base/list_knowledge_bases "HTTP/1.1 200 OK"
2024-11-24 14:19:19,310 httpx        404719 INFO     HTTP Request: GET http://127.0.0.1:7861/knowledge_base/list_knowledge_bases "HTTP/1.1 200 OK"
2024-11-24 14:19:22,669 httpx        404719 INFO     HTTP Request: GET http://127.0.0.1:7861/knowledge_base/list_knowledge_bases "HTTP/1.1 200 OK"
2024-11-24 14:19:23,159 httpx        404719 INFO     HTTP Request: GET http://127.0.0.1:7861/knowledge_base/list_knowledge_bases "HTTP/1.1 200 OK"
2024-11-24 14:19:24,302 httpx        404719 INFO     HTTP Request: GET http://127.0.0.1:7861/knowledge_base/list_knowledge_bases "HTTP/1.1 200 OK"
2024-11-24 14:19:25,974 httpx        404719 INFO     HTTP Request: GET http://127.0.0.1:7861/knowledge_base/list_knowledge_bases "HTTP/1.1 200 OK"
2024-11-24 14:19:26,324 httpx        404719 INFO     HTTP Request: GET http://127.0.0.1:7861/knowledge_base/list_knowledge_bases "HTTP/1.1 200 OK"
2024-11-24 14:19:35,315 httpx        404719 INFO     HTTP Request: GET http://127.0.0.1:7861/knowledge_base/list_knowledge_bases "HTTP/1.1 200 OK"
2024-11-24 14:19:35,429 httpx        404719 INFO     HTTP Request: POST http://127.0.0.1:7861/knowledge_base/local_kb/APAI4011/chat/completions "HTTP/1.1 200 OK"
2024-11-24 14:20:08,413 httpx        404719 INFO     HTTP Request: GET http://127.0.0.1:7861/knowledge_base/list_knowledge_bases "HTTP/1.1 200 OK"
2024-11-24 14:20:14,215 httpx        404719 INFO     HTTP Request: GET http://127.0.0.1:7861/knowledge_base/list_knowledge_bases "HTTP/1.1 200 OK"
2024-11-24 14:20:14,386 httpx        404719 INFO     HTTP Request: POST http://127.0.0.1:7861/knowledge_base/local_kb/APAI4011/chat/completions "HTTP/1.1 200 OK"
2024-11-24 14:20:57,027 httpx        404719 INFO     HTTP Request: GET http://127.0.0.1:7861/knowledge_base/list_knowledge_bases "HTTP/1.1 200 OK"
2024-11-24 14:20:57,252 httpx        404719 INFO     HTTP Request: POST http://127.0.0.1:7861/knowledge_base/local_kb/APAI4011/chat/completions "HTTP/1.1 200 OK"
2024-11-24 14:49:52,575 httpx        404719 INFO     HTTP Request: GET http://127.0.0.1:7861/knowledge_base/list_knowledge_bases "HTTP/1.1 200 OK"
2024-11-24 14:49:52,961 asyncio      404719 ERROR    Task exception was never retrieved
future: <Task finished name='Task-11107' coro=<WebSocketProtocol13.write_message.<locals>.wrapper() done, defined at /home/angus/.conda/envs/langchain/lib/python3.11/site-packages/tornado/websocket.py:1086> exception=WebSocketClosedError()>
Traceback (most recent call last):
  File "/home/angus/.conda/envs/langchain/lib/python3.11/site-packages/tornado/websocket.py", line 1088, in wrapper
    await fut
tornado.iostream.StreamClosedError: Stream is closed

During handling of the above exception, another exception occurred:

Traceback (most recent call last):
  File "/home/angus/.conda/envs/langchain/lib/python3.11/site-packages/tornado/websocket.py", line 1090, in wrapper
    raise WebSocketClosedError()
tornado.websocket.WebSocketClosedError
2024-11-24 14:49:52,962 asyncio      404719 ERROR    Task exception was never retrieved
future: <Task finished name='Task-11108' coro=<WebSocketProtocol13.write_message.<locals>.wrapper() done, defined at /home/angus/.conda/envs/langchain/lib/python3.11/site-packages/tornado/websocket.py:1086> exception=WebSocketClosedError()>
Traceback (most recent call last):
  File "/home/angus/.conda/envs/langchain/lib/python3.11/site-packages/tornado/websocket.py", line 1088, in wrapper
    await fut
tornado.iostream.StreamClosedError: Stream is closed

During handling of the above exception, another exception occurred:

Traceback (most recent call last):
  File "/home/angus/.conda/envs/langchain/lib/python3.11/site-packages/tornado/websocket.py", line 1090, in wrapper
    raise WebSocketClosedError()
tornado.websocket.WebSocketClosedError
2024-11-24 14:49:52,962 asyncio      404719 ERROR    Task exception was never retrieved
future: <Task finished name='Task-11109' coro=<WebSocketProtocol13.write_message.<locals>.wrapper() done, defined at /home/angus/.conda/envs/langchain/lib/python3.11/site-packages/tornado/websocket.py:1086> exception=WebSocketClosedError()>
Traceback (most recent call last):
  File "/home/angus/.conda/envs/langchain/lib/python3.11/site-packages/tornado/websocket.py", line 1088, in wrapper
    await fut
tornado.iostream.StreamClosedError: Stream is closed

During handling of the above exception, another exception occurred:

Traceback (most recent call last):
  File "/home/angus/.conda/envs/langchain/lib/python3.11/site-packages/tornado/websocket.py", line 1090, in wrapper
    raise WebSocketClosedError()
tornado.websocket.WebSocketClosedError
2024-11-24 14:49:52,963 asyncio      404719 ERROR    Task exception was never retrieved
future: <Task finished name='Task-11112' coro=<WebSocketProtocol13.write_message.<locals>.wrapper() done, defined at /home/angus/.conda/envs/langchain/lib/python3.11/site-packages/tornado/websocket.py:1086> exception=WebSocketClosedError()>
Traceback (most recent call last):
  File "/home/angus/.conda/envs/langchain/lib/python3.11/site-packages/tornado/websocket.py", line 1088, in wrapper
    await fut
tornado.iostream.StreamClosedError: Stream is closed

During handling of the above exception, another exception occurred:

Traceback (most recent call last):
  File "/home/angus/.conda/envs/langchain/lib/python3.11/site-packages/tornado/websocket.py", line 1090, in wrapper
    raise WebSocketClosedError()
tornado.websocket.WebSocketClosedError
2024-11-24 14:49:52,963 asyncio      404719 ERROR    Task exception was never retrieved
future: <Task finished name='Task-11113' coro=<WebSocketProtocol13.write_message.<locals>.wrapper() done, defined at /home/angus/.conda/envs/langchain/lib/python3.11/site-packages/tornado/websocket.py:1086> exception=WebSocketClosedError()>
Traceback (most recent call last):
  File "/home/angus/.conda/envs/langchain/lib/python3.11/site-packages/tornado/websocket.py", line 1088, in wrapper
    await fut
tornado.iostream.StreamClosedError: Stream is closed

During handling of the above exception, another exception occurred:

Traceback (most recent call last):
  File "/home/angus/.conda/envs/langchain/lib/python3.11/site-packages/tornado/websocket.py", line 1090, in wrapper
    raise WebSocketClosedError()
tornado.websocket.WebSocketClosedError
2024-11-24 14:49:52,963 asyncio      404719 ERROR    Task exception was never retrieved
future: <Task finished name='Task-11114' coro=<WebSocketProtocol13.write_message.<locals>.wrapper() done, defined at /home/angus/.conda/envs/langchain/lib/python3.11/site-packages/tornado/websocket.py:1086> exception=WebSocketClosedError()>
Traceback (most recent call last):
  File "/home/angus/.conda/envs/langchain/lib/python3.11/site-packages/tornado/websocket.py", line 1088, in wrapper
    await fut
tornado.iostream.StreamClosedError: Stream is closed

During handling of the above exception, another exception occurred:

Traceback (most recent call last):
  File "/home/angus/.conda/envs/langchain/lib/python3.11/site-packages/tornado/websocket.py", line 1090, in wrapper
    raise WebSocketClosedError()
tornado.websocket.WebSocketClosedError
2024-11-24 14:49:52,963 asyncio      404719 ERROR    Task exception was never retrieved
future: <Task finished name='Task-11115' coro=<WebSocketProtocol13.write_message.<locals>.wrapper() done, defined at /home/angus/.conda/envs/langchain/lib/python3.11/site-packages/tornado/websocket.py:1086> exception=WebSocketClosedError()>
Traceback (most recent call last):
  File "/home/angus/.conda/envs/langchain/lib/python3.11/site-packages/tornado/websocket.py", line 1088, in wrapper
    await fut
tornado.iostream.StreamClosedError: Stream is closed

During handling of the above exception, another exception occurred:

Traceback (most recent call last):
  File "/home/angus/.conda/envs/langchain/lib/python3.11/site-packages/tornado/websocket.py", line 1090, in wrapper
    raise WebSocketClosedError()
tornado.websocket.WebSocketClosedError
2024-11-24 14:49:52,963 asyncio      404719 ERROR    Task exception was never retrieved
future: <Task finished name='Task-11116' coro=<WebSocketProtocol13.write_message.<locals>.wrapper() done, defined at /home/angus/.conda/envs/langchain/lib/python3.11/site-packages/tornado/websocket.py:1086> exception=WebSocketClosedError()>
Traceback (most recent call last):
  File "/home/angus/.conda/envs/langchain/lib/python3.11/site-packages/tornado/websocket.py", line 1088, in wrapper
    await fut
tornado.iostream.StreamClosedError: Stream is closed

During handling of the above exception, another exception occurred:

Traceback (most recent call last):
  File "/home/angus/.conda/envs/langchain/lib/python3.11/site-packages/tornado/websocket.py", line 1090, in wrapper
    raise WebSocketClosedError()
tornado.websocket.WebSocketClosedError
2024-11-24 14:49:52,963 asyncio      404719 ERROR    Task exception was never retrieved
future: <Task finished name='Task-11117' coro=<WebSocketProtocol13.write_message.<locals>.wrapper() done, defined at /home/angus/.conda/envs/langchain/lib/python3.11/site-packages/tornado/websocket.py:1086> exception=WebSocketClosedError()>
Traceback (most recent call last):
  File "/home/angus/.conda/envs/langchain/lib/python3.11/site-packages/tornado/websocket.py", line 1088, in wrapper
    await fut
tornado.iostream.StreamClosedError: Stream is closed

During handling of the above exception, another exception occurred:

Traceback (most recent call last):
  File "/home/angus/.conda/envs/langchain/lib/python3.11/site-packages/tornado/websocket.py", line 1090, in wrapper
    raise WebSocketClosedError()
tornado.websocket.WebSocketClosedError
2024-11-24 14:49:52,963 asyncio      404719 ERROR    Task exception was never retrieved
future: <Task finished name='Task-11118' coro=<WebSocketProtocol13.write_message.<locals>.wrapper() done, defined at /home/angus/.conda/envs/langchain/lib/python3.11/site-packages/tornado/websocket.py:1086> exception=WebSocketClosedError()>
Traceback (most recent call last):
  File "/home/angus/.conda/envs/langchain/lib/python3.11/site-packages/tornado/websocket.py", line 1088, in wrapper
    await fut
tornado.iostream.StreamClosedError: Stream is closed

During handling of the above exception, another exception occurred:

Traceback (most recent call last):
  File "/home/angus/.conda/envs/langchain/lib/python3.11/site-packages/tornado/websocket.py", line 1090, in wrapper
    raise WebSocketClosedError()
tornado.websocket.WebSocketClosedError
2024-11-24 14:49:52,964 asyncio      404719 ERROR    Task exception was never retrieved
future: <Task finished name='Task-11119' coro=<WebSocketProtocol13.write_message.<locals>.wrapper() done, defined at /home/angus/.conda/envs/langchain/lib/python3.11/site-packages/tornado/websocket.py:1086> exception=WebSocketClosedError()>
Traceback (most recent call last):
  File "/home/angus/.conda/envs/langchain/lib/python3.11/site-packages/tornado/websocket.py", line 1088, in wrapper
    await fut
tornado.iostream.StreamClosedError: Stream is closed

During handling of the above exception, another exception occurred:

Traceback (most recent call last):
  File "/home/angus/.conda/envs/langchain/lib/python3.11/site-packages/tornado/websocket.py", line 1090, in wrapper
    raise WebSocketClosedError()
tornado.websocket.WebSocketClosedError
2024-11-24 14:49:52,964 asyncio      404719 ERROR    Task exception was never retrieved
future: <Task finished name='Task-11122' coro=<WebSocketProtocol13.write_message.<locals>.wrapper() done, defined at /home/angus/.conda/envs/langchain/lib/python3.11/site-packages/tornado/websocket.py:1086> exception=WebSocketClosedError()>
Traceback (most recent call last):
  File "/home/angus/.conda/envs/langchain/lib/python3.11/site-packages/tornado/websocket.py", line 1088, in wrapper
    await fut
tornado.iostream.StreamClosedError: Stream is closed

During handling of the above exception, another exception occurred:

Traceback (most recent call last):
  File "/home/angus/.conda/envs/langchain/lib/python3.11/site-packages/tornado/websocket.py", line 1090, in wrapper
    raise WebSocketClosedError()
tornado.websocket.WebSocketClosedError
2024-11-24 14:49:52,964 asyncio      404719 ERROR    Task exception was never retrieved
future: <Task finished name='Task-11123' coro=<WebSocketProtocol13.write_message.<locals>.wrapper() done, defined at /home/angus/.conda/envs/langchain/lib/python3.11/site-packages/tornado/websocket.py:1086> exception=WebSocketClosedError()>
Traceback (most recent call last):
  File "/home/angus/.conda/envs/langchain/lib/python3.11/site-packages/tornado/websocket.py", line 1088, in wrapper
    await fut
tornado.iostream.StreamClosedError: Stream is closed

During handling of the above exception, another exception occurred:

Traceback (most recent call last):
  File "/home/angus/.conda/envs/langchain/lib/python3.11/site-packages/tornado/websocket.py", line 1090, in wrapper
    raise WebSocketClosedError()
tornado.websocket.WebSocketClosedError
2024-11-24 14:49:52,964 asyncio      404719 ERROR    Task exception was never retrieved
future: <Task finished name='Task-11124' coro=<WebSocketProtocol13.write_message.<locals>.wrapper() done, defined at /home/angus/.conda/envs/langchain/lib/python3.11/site-packages/tornado/websocket.py:1086> exception=WebSocketClosedError()>
Traceback (most recent call last):
  File "/home/angus/.conda/envs/langchain/lib/python3.11/site-packages/tornado/websocket.py", line 1088, in wrapper
    await fut
tornado.iostream.StreamClosedError: Stream is closed

During handling of the above exception, another exception occurred:

Traceback (most recent call last):
  File "/home/angus/.conda/envs/langchain/lib/python3.11/site-packages/tornado/websocket.py", line 1090, in wrapper
    raise WebSocketClosedError()
tornado.websocket.WebSocketClosedError
2024-11-24 14:49:52,964 asyncio      404719 ERROR    Task exception was never retrieved
future: <Task finished name='Task-11125' coro=<WebSocketProtocol13.write_message.<locals>.wrapper() done, defined at /home/angus/.conda/envs/langchain/lib/python3.11/site-packages/tornado/websocket.py:1086> exception=WebSocketClosedError()>
Traceback (most recent call last):
  File "/home/angus/.conda/envs/langchain/lib/python3.11/site-packages/tornado/websocket.py", line 1088, in wrapper
    await fut
tornado.iostream.StreamClosedError: Stream is closed

During handling of the above exception, another exception occurred:

Traceback (most recent call last):
  File "/home/angus/.conda/envs/langchain/lib/python3.11/site-packages/tornado/websocket.py", line 1090, in wrapper
    raise WebSocketClosedError()
tornado.websocket.WebSocketClosedError
2024-11-24 14:49:52,964 asyncio      404719 ERROR    Task exception was never retrieved
future: <Task finished name='Task-11128' coro=<WebSocketProtocol13.write_message.<locals>.wrapper() done, defined at /home/angus/.conda/envs/langchain/lib/python3.11/site-packages/tornado/websocket.py:1086> exception=WebSocketClosedError()>
Traceback (most recent call last):
  File "/home/angus/.conda/envs/langchain/lib/python3.11/site-packages/tornado/websocket.py", line 1088, in wrapper
    await fut
tornado.iostream.StreamClosedError: Stream is closed

During handling of the above exception, another exception occurred:

Traceback (most recent call last):
  File "/home/angus/.conda/envs/langchain/lib/python3.11/site-packages/tornado/websocket.py", line 1090, in wrapper
    raise WebSocketClosedError()
tornado.websocket.WebSocketClosedError
2024-11-24 14:49:52,964 asyncio      404719 ERROR    Task exception was never retrieved
future: <Task finished name='Task-11129' coro=<WebSocketProtocol13.write_message.<locals>.wrapper() done, defined at /home/angus/.conda/envs/langchain/lib/python3.11/site-packages/tornado/websocket.py:1086> exception=WebSocketClosedError()>
Traceback (most recent call last):
  File "/home/angus/.conda/envs/langchain/lib/python3.11/site-packages/tornado/websocket.py", line 1088, in wrapper
    await fut
tornado.iostream.StreamClosedError: Stream is closed

During handling of the above exception, another exception occurred:

Traceback (most recent call last):
  File "/home/angus/.conda/envs/langchain/lib/python3.11/site-packages/tornado/websocket.py", line 1090, in wrapper
    raise WebSocketClosedError()
tornado.websocket.WebSocketClosedError
2024-11-24 14:49:52,965 asyncio      404719 ERROR    Task exception was never retrieved
future: <Task finished name='Task-11130' coro=<WebSocketProtocol13.write_message.<locals>.wrapper() done, defined at /home/angus/.conda/envs/langchain/lib/python3.11/site-packages/tornado/websocket.py:1086> exception=WebSocketClosedError()>
Traceback (most recent call last):
  File "/home/angus/.conda/envs/langchain/lib/python3.11/site-packages/tornado/websocket.py", line 1088, in wrapper
    await fut
tornado.iostream.StreamClosedError: Stream is closed

During handling of the above exception, another exception occurred:

Traceback (most recent call last):
  File "/home/angus/.conda/envs/langchain/lib/python3.11/site-packages/tornado/websocket.py", line 1090, in wrapper
    raise WebSocketClosedError()
tornado.websocket.WebSocketClosedError
2024-11-24 14:49:52,965 asyncio      404719 ERROR    Task exception was never retrieved
future: <Task finished name='Task-11131' coro=<WebSocketProtocol13.write_message.<locals>.wrapper() done, defined at /home/angus/.conda/envs/langchain/lib/python3.11/site-packages/tornado/websocket.py:1086> exception=WebSocketClosedError()>
Traceback (most recent call last):
  File "/home/angus/.conda/envs/langchain/lib/python3.11/site-packages/tornado/websocket.py", line 1088, in wrapper
    await fut
tornado.iostream.StreamClosedError: Stream is closed

During handling of the above exception, another exception occurred:

Traceback (most recent call last):
  File "/home/angus/.conda/envs/langchain/lib/python3.11/site-packages/tornado/websocket.py", line 1090, in wrapper
    raise WebSocketClosedError()
tornado.websocket.WebSocketClosedError
